<?xml version="1.0" encoding="UTF-8"?>
<testsuite xmlns:xsi="http://www.w3.org/2001/XMLSchema-instance" xsi:noNamespaceSchemaLocation="https://maven.apache.org/surefire/maven-surefire-plugin/xsd/surefire-test-report.xsd" name="org.apache.hadoop.minikdc.TestChangeOrgNameAndDomain" time="3.95" tests="3" errors="0" skipped="0" failures="0">
  <properties>
[...]
</properties>
  <testcase name="testKeytabGen" classname="org.apache.hadoop.minikdc.TestChangeOrgNameAndDomain" time="1.443"/>
  <testcase name="testMiniKdcStart" classname="org.apache.hadoop.minikdc.TestChangeOrgNameAndDomain" time="1.026"/>
  <testcase name="testKerberosLogin" classname="org.apache.hadoop.minikdc.TestChangeOrgNameAndDomain" time="1.357"/>
</testsuite>