-------------------------------------------------------------------------------
Test set: org.apache.hadoop.security.authentication.server.TestLdapAuthenticationHandler
-------------------------------------------------------------------------------
Tests run: 1, Failures: 0, Errors: 1, Skipped: 0, Time elapsed: 9.467 s <<< FAILURE! - in org.apache.hadoop.security.authentication.server.TestLdapAuthenticationHandler
org.apache.hadoop.security.authentication.server.TestLdapAuthenticationHandler  Time elapsed: 9.467 s  <<< ERROR!
java.lang.IllegalAccessError: class org.apache.directory.server.core.security.CertificateUtil (in unnamed module @0x2b98378d) cannot access class sun.security.x509.X500Name (in module java.base) because module java.base does not export sun.security.x509 to unnamed module @0x2b98378d
	at org.apache.directory.server.core.security.CertificateUtil.createTempKeyStore(CertificateUtil.java:334)
	at org.apache.directory.server.factory.ServerAnnotationProcessor.instantiateLdapServer(ServerAnnotationProcessor.java:158)
	at org.apache.directory.server.factory.ServerAnnotationProcessor.createLdapServer(ServerAnnotationProcessor.java:318)
	at org.apache.directory.server.factory.ServerAnnotationProcessor.createLdapServer(ServerAnnotationProcessor.java:351)
	at org.apache.directory.server.core.integ.FrameworkRunner.run(FrameworkRunner.java:139)
	at org.apache.maven.surefire.junit4.JUnit4Provider.execute(JUnit4Provider.java:365)
	at org.apache.maven.surefire.junit4.JUnit4Provider.executeWithRerun(JUnit4Provider.java:273)
	at org.apache.maven.surefire.junit4.JUnit4Provider.executeTestSet(JUnit4Provider.java:238)
	at org.apache.maven.surefire.junit4.JUnit4Provider.invoke(JUnit4Provider.java:159)
	at org.apache.maven.surefire.booter.ForkedBooter.invokeProviderInSameClassLoader(ForkedBooter.java:384)
	at org.apache.maven.surefire.booter.ForkedBooter.runSuitesInProcess(ForkedBooter.java:345)
	at org.apache.maven.surefire.booter.ForkedBooter.execute(ForkedBooter.java:126)
	at org.apache.maven.surefire.booter.ForkedBooter.main(ForkedBooter.java:418)

