<?xml version="1.0" encoding="UTF-8"?>
<testsuite xmlns:xsi="http://www.w3.org/2001/XMLSchema-instance" xsi:noNamespaceSchemaLocation="https://maven.apache.org/surefire/maven-surefire-plugin/xsd/surefire-test-report.xsd" name="org.apache.hadoop.security.authentication.server.TestJWTRedirectAuthenticationHandler" time="18.521" tests="12" errors="0" skipped="0" failures="0">
  <properties>
[...]
</properties>
  <testcase name="testCustomCookieNameJWT" classname="org.apache.hadoop.security.authentication.server.TestJWTRedirectAuthenticationHandler" time="3.58"/>
  <testcase name="testOrigURLNoQueryString" classname="org.apache.hadoop.security.authentication.server.TestJWTRedirectAuthenticationHandler" time="1.368"/>
  <testcase name="testInvalidAudienceJWT" classname="org.apache.hadoop.security.authentication.server.TestJWTRedirectAuthenticationHandler" time="1.577"/>
  <testcase name="testExpiredJWT" classname="org.apache.hadoop.security.authentication.server.TestJWTRedirectAuthenticationHandler" time="1.204"/>
  <testcase name="testNoProviderURLJWT" classname="org.apache.hadoop.security.authentication.server.TestJWTRedirectAuthenticationHandler" time="1.173"/>
  <testcase name="testNoExpirationJWT" classname="org.apache.hadoop.security.authentication.server.TestJWTRedirectAuthenticationHandler" time="1.214"/>
  <testcase name="testValidJWT" classname="org.apache.hadoop.security.authentication.server.TestJWTRedirectAuthenticationHandler" time="1.342"/>
  <testcase name="testUnableToParseJWT" classname="org.apache.hadoop.security.authentication.server.TestJWTRedirectAuthenticationHandler" time="1.583"/>
  <testcase name="testFailedSignatureValidationJWT" classname="org.apache.hadoop.security.authentication.server.TestJWTRedirectAuthenticationHandler" time="1.519"/>
  <testcase name="testOrigURLWithQueryString" classname="org.apache.hadoop.security.authentication.server.TestJWTRedirectAuthenticationHandler" time="1.212"/>
  <testcase name="testNoPublicKeyJWT" classname="org.apache.hadoop.security.authentication.server.TestJWTRedirectAuthenticationHandler" time="1.37"/>
  <testcase name="testValidAudienceJWT" classname="org.apache.hadoop.security.authentication.server.TestJWTRedirectAuthenticationHandler" time="1.262"/>
</testsuite>